kernel_name = _Z11matMultiplyPfS_S_iiPiS_ 
kernel_launch_uid = 1 

Kernel Average Power Data:
kernel_avg_power = 100.082
gpu_avg_IBP, = 0.0745874
gpu_avg_ICP, = 0.656403
gpu_avg_DCP, = 0.582651
gpu_avg_TCP, = 0
gpu_avg_CCP, = 0.204962
gpu_avg_SHRDP, = 8.18943
gpu_avg_RFP, = 22.9687
gpu_avg_SPP, = 21.6155
gpu_avg_SFUP, = 2.4014
gpu_avg_FPUP, = 3.11029
gpu_avg_SCHEDP, = 0.966795
gpu_avg_L2CP, = 0.670761
gpu_avg_MCP, = 1.52829
gpu_avg_NOCP, = 3.2694
gpu_avg_DRAMP, = 3.68143
gpu_avg_PIPEP, = 20.0819
gpu_avg_IDLE_COREP, = 0.255327
gpu_avg_CONST_DYNAMICP = 9.82366
gpu_avg_TOT_INST, = 14741.3
gpu_avg_FP_INT, = 12581
gpu_avg_IC_H, = 7371.51
gpu_avg_IC_M, = 0.577113
gpu_avg_DC_RH, = 17.8082
gpu_avg_DC_RM, = 198.393
gpu_avg_DC_WH, = 0
gpu_avg_DC_WM, = 3.58268
gpu_avg_TC_H, = 0
gpu_avg_TC_M, = 0
gpu_avg_CC_H, = 113.277
gpu_avg_CC_M, = 0.0989691
gpu_avg_SHRD_ACC, = 2759.94
gpu_avg_REG_RD, = 488978
gpu_avg_REG_WR, = 328761
gpu_avg_NON_REG_OPs, = 205350
gpu_avg_SP_ACC, = 5.72948e+06
gpu_avg_SFU_ACC, = 35475.2
gpu_avg_FPU_ACC, = 75106.3
gpu_avg_MEM_RD, = 98.8998
gpu_avg_MEM_WR, = 4.67278
gpu_avg_MEM_PRE, = 8.24474
gpu_avg_L2_RH, = 150.667
gpu_avg_L2_RM, = 47.7536
gpu_avg_L2_WH, = 1.88639
gpu_avg_L2_WM, = 1.69629
gpu_avg_NOC_A, = 1204.64
gpu_avg_PIPE_A, = 0.788711
gpu_avg_IDLE_CORE_N, = 0.160583
gpu_avg_CONST_DYNAMICN = 0

Kernel Maximum Power Data:
kernel_max_power = 117.657
gpu_max_IBP, = 0.075036
gpu_max_ICP, = 0.6602
gpu_max_DCP, = 1.18679
gpu_max_TCP, = 0
gpu_max_CCP, = 0.417711
gpu_max_SHRDP, = 7.36471
gpu_max_RFP, = 22.7889
gpu_max_SPP, = 22.0566
gpu_max_SFUP, = 4.47962
gpu_max_FPUP, = 2.81845
gpu_max_SCHEDP, = 0.984698
gpu_max_L2CP, = 2.95758
gpu_max_MCP, = 2.28679
gpu_max_NOCP, = 6.3915
gpu_max_DRAMP, = 12.9956
gpu_max_PIPEP, = 20.3694
gpu_max_IDLE_COREP, = 0
gpu_max_CONST_DYNAMICP = 9.82366
gpu_max_TOT_INST, = 14830
gpu_max_FP_INT, = 12814
gpu_max_IC_H, = 7434
gpu_max_IC_M, = 0
gpu_max_DC_RH, = 4
gpu_max_DC_RM, = 379
gpu_max_DC_WH, = 0
gpu_max_DC_WM, = 80
gpu_max_TC_H, = 0
gpu_max_TC_M, = 0
gpu_max_CC_H, = 231
gpu_max_CC_M, = 0
gpu_max_SHRD_ACC, = 2482
gpu_max_REG_RD, = 497088
gpu_max_REG_WR, = 335776
gpu_max_NON_REG_OPs, = 201024
gpu_max_SP_ACC, = 5.8464e+06
gpu_max_SFU_ACC, = 66176
gpu_max_FPU_ACC, = 68059
gpu_max_MEM_RD, = 330
gpu_max_MEM_WR, = 48
gpu_max_MEM_PRE, = 39
gpu_max_L2_RH, = 260
gpu_max_L2_RM, = 120
gpu_max_L2_WH, = 48
gpu_max_L2_WM, = 47
gpu_max_NOC_A, = 2355
gpu_max_PIPE_A, = 0.8
gpu_max_IDLE_CORE_N, = 0
gpu_max_CONST_DYNAMICN = 0

Kernel Minimum Power Data:
kernel_min_power = 36.0672
gpu_min_IBP, = 0.0274137
gpu_min_ICP, = 1.72381
gpu_min_DCP, = 0
gpu_min_TCP, = 0
gpu_min_CCP, = 0.0271241
gpu_min_SHRDP, = 0
gpu_min_RFP, = 5.56031
gpu_min_SPP, = 9.41964
gpu_min_SFUP, = 0.259939
gpu_min_FPUP, = 0.0055492
gpu_min_SCHEDP, = 0.337044
gpu_min_L2CP, = 0.0984621
gpu_min_MCP, = 1.19164
gpu_min_NOCP, = 0.450526
gpu_min_DRAMP, = 0.214749
gpu_min_PIPEP, = 6.92728
gpu_min_IDLE_COREP, = 0
gpu_min_CONST_DYNAMICP = 9.82366
gpu_min_TOT_INST, = 5418
gpu_min_FP_INT, = 4386
gpu_min_IC_H, = 2722
gpu_min_IC_M, = 488
gpu_min_DC_RH, = 0
gpu_min_DC_RM, = 0
gpu_min_DC_WH, = 0
gpu_min_DC_WM, = 0
gpu_min_TC_H, = 0
gpu_min_TC_M, = 0
gpu_min_CC_H, = 15
gpu_min_CC_M, = 0
gpu_min_SHRD_ACC, = 0
gpu_min_REG_RD, = 123904
gpu_min_REG_WR, = 99648
gpu_min_NON_REG_OPs, = 46688
gpu_min_SP_ACC, = 2.4968e+06
gpu_min_SFU_ACC, = 3840
gpu_min_FPU_ACC, = 134
gpu_min_MEM_RD, = 6
gpu_min_MEM_WR, = 0
gpu_min_MEM_PRE, = 0
gpu_min_L2_RH, = 25
gpu_min_L2_RM, = 2
gpu_min_L2_WH, = 0
gpu_min_L2_WM, = 0
gpu_min_NOC_A, = 166
gpu_min_PIPE_A, = 0.272066
gpu_min_IDLE_CORE_N, = 0
gpu_min_CONST_DYNAMICN = 0

Accumulative Power Statistics Over Previous Kernels:
gpu_tot_avg_power = 100.082
gpu_tot_max_power = 117.657
gpu_tot_min_power = 36.0672


